[33mWARNING[0m:  [26-11-2024 18:31:05] chroma_server_nofile is not supported on Windows. chroma_server_nofile will not be set.
[32mINFO[0m:     [26-11-2024 18:31:05] Anonymized telemetry enabled. See                     https://docs.trychroma.com/telemetry for more information.
[36mDEBUG[0m:    [26-11-2024 18:31:05] Starting component System
[36mDEBUG[0m:    [26-11-2024 18:31:05] Starting component OpenTelemetryClient
[36mDEBUG[0m:    [26-11-2024 18:31:05] Starting component SimpleAssignmentPolicy
[36mDEBUG[0m:    [26-11-2024 18:31:05] Starting component SqliteDB
[36mDEBUG[0m:    [26-11-2024 18:31:09] Starting component QuotaEnforcer
[36mDEBUG[0m:    [26-11-2024 18:31:09] Starting component Posthog
[36mDEBUG[0m:    [26-11-2024 18:31:09] Starting component LocalSegmentManager
[36mDEBUG[0m:    [26-11-2024 18:31:09] Starting component SegmentAPI
[32mINFO[0m:     [26-11-2024 18:31:09] Started server process [[36m15172[0m]
[32mINFO[0m:     [26-11-2024 18:31:09] Waiting for application startup.
[32mINFO[0m:     [26-11-2024 18:31:09] Application startup complete.
[32mINFO[0m:     [26-11-2024 18:31:09] Uvicorn running on [1mhttp://localhost:8000[0m (Press CTRL+C to quit)
[32mINFO[0m:     [26-11-2024 18:31:56] ::1:59550 - "GET /api/v1/tenants/default_tenant HTTP/1.1" 200
[32mINFO[0m:     [26-11-2024 18:31:56] ::1:59550 - "GET /api/v1/databases/default_database?tenant=default_tenant HTTP/1.1" 200
[31mERROR[0m:    [26-11-2024 18:31:56] Collection public_discussions does not exist.
Traceback (most recent call last):
  File "D:\Bibliotheken\loadz\simulation-main\.venv\lib\site-packages\anyio\streams\memory.py", line 111, in receive
    return self.receive_nowait()
  File "D:\Bibliotheken\loadz\simulation-main\.venv\lib\site-packages\anyio\streams\memory.py", line 106, in receive_nowait
    raise WouldBlock
anyio.WouldBlock

During handling of the above exception, another exception occurred:

Traceback (most recent call last):
  File "D:\Bibliotheken\loadz\simulation-main\.venv\lib\site-packages\anyio\streams\memory.py", line 124, in receive
    return receiver.item
AttributeError: 'MemoryObjectItemReceiver' object has no attribute 'item'

During handling of the above exception, another exception occurred:

Traceback (most recent call last):
  File "D:\Bibliotheken\loadz\simulation-main\.venv\lib\site-packages\starlette\middleware\base.py", line 157, in call_next
    message = await recv_stream.receive()
  File "D:\Bibliotheken\loadz\simulation-main\.venv\lib\site-packages\anyio\streams\memory.py", line 126, in receive
    raise EndOfStream
anyio.EndOfStream

During handling of the above exception, another exception occurred:

Traceback (most recent call last):
  File "D:\Bibliotheken\loadz\simulation-main\.venv\lib\site-packages\chromadb\server\fastapi\__init__.py", line 82, in catch_exceptions_middleware
    return await call_next(request)
  File "D:\Bibliotheken\loadz\simulation-main\.venv\lib\site-packages\starlette\middleware\base.py", line 163, in call_next
    raise app_exc
  File "D:\Bibliotheken\loadz\simulation-main\.venv\lib\site-packages\starlette\middleware\base.py", line 149, in coro
    await self.app(scope, receive_or_disconnect, send_no_error)
  File "D:\Bibliotheken\loadz\simulation-main\.venv\lib\site-packages\starlette\middleware\base.py", line 185, in __call__
    with collapse_excgroups():
  File "C:\Program Files\Python310\lib\contextlib.py", line 153, in __exit__
    self.gen.throw(typ, value, traceback)
  File "D:\Bibliotheken\loadz\simulation-main\.venv\lib\site-packages\starlette\_utils.py", line 82, in collapse_excgroups
    raise exc
  File "D:\Bibliotheken\loadz\simulation-main\.venv\lib\site-packages\starlette\middleware\base.py", line 187, in __call__
    response = await self.dispatch_func(request, call_next)
  File "D:\Bibliotheken\loadz\simulation-main\.venv\lib\site-packages\chromadb\server\fastapi\__init__.py", line 96, in check_http_version_middleware
    return await call_next(request)
  File "D:\Bibliotheken\loadz\simulation-main\.venv\lib\site-packages\starlette\middleware\base.py", line 163, in call_next
    raise app_exc
  File "D:\Bibliotheken\loadz\simulation-main\.venv\lib\site-packages\starlette\middleware\base.py", line 149, in coro
    await self.app(scope, receive_or_disconnect, send_no_error)
  File "D:\Bibliotheken\loadz\simulation-main\.venv\lib\site-packages\starlette\middleware\exceptions.py", line 62, in __call__
    await wrap_app_handling_exceptions(self.app, conn)(scope, receive, send)
  File "D:\Bibliotheken\loadz\simulation-main\.venv\lib\site-packages\starlette\_exception_handler.py", line 53, in wrapped_app
    raise exc
  File "D:\Bibliotheken\loadz\simulation-main\.venv\lib\site-packages\starlette\_exception_handler.py", line 42, in wrapped_app
    await app(scope, receive, sender)
  File "D:\Bibliotheken\loadz\simulation-main\.venv\lib\site-packages\starlette\routing.py", line 715, in __call__
    await self.middleware_stack(scope, receive, send)
  File "D:\Bibliotheken\loadz\simulation-main\.venv\lib\site-packages\starlette\routing.py", line 735, in app
    await route.handle(scope, receive, send)
  File "D:\Bibliotheken\loadz\simulation-main\.venv\lib\site-packages\starlette\routing.py", line 288, in handle
    await self.app(scope, receive, send)
  File "D:\Bibliotheken\loadz\simulation-main\.venv\lib\site-packages\starlette\routing.py", line 76, in app
    await wrap_app_handling_exceptions(app, request)(scope, receive, send)
  File "D:\Bibliotheken\loadz\simulation-main\.venv\lib\site-packages\starlette\_exception_handler.py", line 53, in wrapped_app
    raise exc
  File "D:\Bibliotheken\loadz\simulation-main\.venv\lib\site-packages\starlette\_exception_handler.py", line 42, in wrapped_app
    await app(scope, receive, sender)
  File "D:\Bibliotheken\loadz\simulation-main\.venv\lib\site-packages\starlette\routing.py", line 73, in app
    response = await f(request)
  File "D:\Bibliotheken\loadz\simulation-main\.venv\lib\site-packages\fastapi\routing.py", line 301, in app
    raw_response = await run_endpoint_function(
  File "D:\Bibliotheken\loadz\simulation-main\.venv\lib\site-packages\fastapi\routing.py", line 214, in run_endpoint_function
    return await run_in_threadpool(dependant.call, **values)
  File "D:\Bibliotheken\loadz\simulation-main\.venv\lib\site-packages\starlette\concurrency.py", line 39, in run_in_threadpool
    return await anyio.to_thread.run_sync(func, *args)
  File "D:\Bibliotheken\loadz\simulation-main\.venv\lib\site-packages\anyio\to_thread.py", line 56, in run_sync
    return await get_async_backend().run_sync_in_worker_thread(
  File "D:\Bibliotheken\loadz\simulation-main\.venv\lib\site-packages\anyio\_backends\_asyncio.py", line 2441, in run_sync_in_worker_thread
    return await future
  File "D:\Bibliotheken\loadz\simulation-main\.venv\lib\site-packages\anyio\_backends\_asyncio.py", line 943, in run
    result = context.run(func, *args)
  File "D:\Bibliotheken\loadz\simulation-main\.venv\lib\site-packages\chromadb\telemetry\opentelemetry\__init__.py", line 127, in wrapper
    return f(*args, **kwargs)
  File "D:\Bibliotheken\loadz\simulation-main\.venv\lib\site-packages\chromadb\auth\fastapi.py", line 241, in wrapped
    return f(*args, **kwargs)
  File "D:\Bibliotheken\loadz\simulation-main\.venv\lib\site-packages\chromadb\server\fastapi\__init__.py", line 440, in get_collection
    return self._api.get_collection(
  File "D:\Bibliotheken\loadz\simulation-main\.venv\lib\site-packages\chromadb\telemetry\opentelemetry\__init__.py", line 127, in wrapper
    return f(*args, **kwargs)
  File "D:\Bibliotheken\loadz\simulation-main\.venv\lib\site-packages\chromadb\api\segment.py", line 261, in get_collection
    raise ValueError(f"Collection {name} does not exist.")
ValueError: Collection public_discussions does not exist.
[32mINFO[0m:     [26-11-2024 18:31:56] ::1:59551 - "GET /api/v1/collections/public_discussions?tenant=default_tenant&database=default_database HTTP/1.1" 500
[32mINFO[0m:     [26-11-2024 18:31:57] ::1:59551 - "POST /api/v1/collections?tenant=default_tenant&database=default_database HTTP/1.1" 200
[31mERROR[0m:    [26-11-2024 18:31:57] Collection participants does not exist.
Traceback (most recent call last):
  File "D:\Bibliotheken\loadz\simulation-main\.venv\lib\site-packages\anyio\streams\memory.py", line 111, in receive
    return self.receive_nowait()
  File "D:\Bibliotheken\loadz\simulation-main\.venv\lib\site-packages\anyio\streams\memory.py", line 106, in receive_nowait
    raise WouldBlock
anyio.WouldBlock

During handling of the above exception, another exception occurred:

Traceback (most recent call last):
  File "D:\Bibliotheken\loadz\simulation-main\.venv\lib\site-packages\anyio\streams\memory.py", line 124, in receive
    return receiver.item
AttributeError: 'MemoryObjectItemReceiver' object has no attribute 'item'

During handling of the above exception, another exception occurred:

Traceback (most recent call last):
  File "D:\Bibliotheken\loadz\simulation-main\.venv\lib\site-packages\starlette\middleware\base.py", line 157, in call_next
    message = await recv_stream.receive()
  File "D:\Bibliotheken\loadz\simulation-main\.venv\lib\site-packages\anyio\streams\memory.py", line 126, in receive
    raise EndOfStream
anyio.EndOfStream

During handling of the above exception, another exception occurred:

Traceback (most recent call last):
  File "D:\Bibliotheken\loadz\simulation-main\.venv\lib\site-packages\chromadb\server\fastapi\__init__.py", line 82, in catch_exceptions_middleware
    return await call_next(request)
  File "D:\Bibliotheken\loadz\simulation-main\.venv\lib\site-packages\starlette\middleware\base.py", line 163, in call_next
    raise app_exc
  File "D:\Bibliotheken\loadz\simulation-main\.venv\lib\site-packages\starlette\middleware\base.py", line 149, in coro
    await self.app(scope, receive_or_disconnect, send_no_error)
  File "D:\Bibliotheken\loadz\simulation-main\.venv\lib\site-packages\starlette\middleware\base.py", line 185, in __call__
    with collapse_excgroups():
  File "C:\Program Files\Python310\lib\contextlib.py", line 153, in __exit__
    self.gen.throw(typ, value, traceback)
  File "D:\Bibliotheken\loadz\simulation-main\.venv\lib\site-packages\starlette\_utils.py", line 82, in collapse_excgroups
    raise exc
  File "D:\Bibliotheken\loadz\simulation-main\.venv\lib\site-packages\starlette\middleware\base.py", line 187, in __call__
    response = await self.dispatch_func(request, call_next)
  File "D:\Bibliotheken\loadz\simulation-main\.venv\lib\site-packages\chromadb\server\fastapi\__init__.py", line 96, in check_http_version_middleware
    return await call_next(request)
  File "D:\Bibliotheken\loadz\simulation-main\.venv\lib\site-packages\starlette\middleware\base.py", line 163, in call_next
    raise app_exc
  File "D:\Bibliotheken\loadz\simulation-main\.venv\lib\site-packages\starlette\middleware\base.py", line 149, in coro
    await self.app(scope, receive_or_disconnect, send_no_error)
  File "D:\Bibliotheken\loadz\simulation-main\.venv\lib\site-packages\starlette\middleware\exceptions.py", line 62, in __call__
    await wrap_app_handling_exceptions(self.app, conn)(scope, receive, send)
  File "D:\Bibliotheken\loadz\simulation-main\.venv\lib\site-packages\starlette\_exception_handler.py", line 53, in wrapped_app
    raise exc
  File "D:\Bibliotheken\loadz\simulation-main\.venv\lib\site-packages\starlette\_exception_handler.py", line 42, in wrapped_app
    await app(scope, receive, sender)
  File "D:\Bibliotheken\loadz\simulation-main\.venv\lib\site-packages\starlette\routing.py", line 715, in __call__
    await self.middleware_stack(scope, receive, send)
  File "D:\Bibliotheken\loadz\simulation-main\.venv\lib\site-packages\starlette\routing.py", line 735, in app
    await route.handle(scope, receive, send)
  File "D:\Bibliotheken\loadz\simulation-main\.venv\lib\site-packages\starlette\routing.py", line 288, in handle
    await self.app(scope, receive, send)
  File "D:\Bibliotheken\loadz\simulation-main\.venv\lib\site-packages\starlette\routing.py", line 76, in app
    await wrap_app_handling_exceptions(app, request)(scope, receive, send)
  File "D:\Bibliotheken\loadz\simulation-main\.venv\lib\site-packages\starlette\_exception_handler.py", line 53, in wrapped_app
    raise exc
  File "D:\Bibliotheken\loadz\simulation-main\.venv\lib\site-packages\starlette\_exception_handler.py", line 42, in wrapped_app
    await app(scope, receive, sender)
  File "D:\Bibliotheken\loadz\simulation-main\.venv\lib\site-packages\starlette\routing.py", line 73, in app
    response = await f(request)
  File "D:\Bibliotheken\loadz\simulation-main\.venv\lib\site-packages\fastapi\routing.py", line 301, in app
    raw_response = await run_endpoint_function(
  File "D:\Bibliotheken\loadz\simulation-main\.venv\lib\site-packages\fastapi\routing.py", line 214, in run_endpoint_function
    return await run_in_threadpool(dependant.call, **values)
  File "D:\Bibliotheken\loadz\simulation-main\.venv\lib\site-packages\starlette\concurrency.py", line 39, in run_in_threadpool
    return await anyio.to_thread.run_sync(func, *args)
  File "D:\Bibliotheken\loadz\simulation-main\.venv\lib\site-packages\anyio\to_thread.py", line 56, in run_sync
    return await get_async_backend().run_sync_in_worker_thread(
  File "D:\Bibliotheken\loadz\simulation-main\.venv\lib\site-packages\anyio\_backends\_asyncio.py", line 2441, in run_sync_in_worker_thread
    return await future
  File "D:\Bibliotheken\loadz\simulation-main\.venv\lib\site-packages\anyio\_backends\_asyncio.py", line 943, in run
    result = context.run(func, *args)
  File "D:\Bibliotheken\loadz\simulation-main\.venv\lib\site-packages\chromadb\telemetry\opentelemetry\__init__.py", line 127, in wrapper
    return f(*args, **kwargs)
  File "D:\Bibliotheken\loadz\simulation-main\.venv\lib\site-packages\chromadb\auth\fastapi.py", line 241, in wrapped
    return f(*args, **kwargs)
  File "D:\Bibliotheken\loadz\simulation-main\.venv\lib\site-packages\chromadb\server\fastapi\__init__.py", line 440, in get_collection
    return self._api.get_collection(
  File "D:\Bibliotheken\loadz\simulation-main\.venv\lib\site-packages\chromadb\telemetry\opentelemetry\__init__.py", line 127, in wrapper
    return f(*args, **kwargs)
  File "D:\Bibliotheken\loadz\simulation-main\.venv\lib\site-packages\chromadb\api\segment.py", line 261, in get_collection
    raise ValueError(f"Collection {name} does not exist.")
ValueError: Collection participants does not exist.
[32mINFO[0m:     [26-11-2024 18:31:57] ::1:59551 - "GET /api/v1/collections/participants?tenant=default_tenant&database=default_database HTTP/1.1" 500
[32mINFO[0m:     [26-11-2024 18:31:57] ::1:59551 - "POST /api/v1/collections?tenant=default_tenant&database=default_database HTTP/1.1" 200
[32mINFO[0m:     [26-11-2024 18:31:57] ::1:59551 - "GET /api/v1/collections/4fa43a1a-a2e5-44d2-aab6-c3c5af88f14b/count HTTP/1.1" 200
[32mINFO[0m:     [26-11-2024 18:31:58] ::1:59556 - "GET /api/v1/tenants/default_tenant HTTP/1.1" 200
[32mINFO[0m:     [26-11-2024 18:31:58] ::1:59556 - "GET /api/v1/databases/default_database?tenant=default_tenant HTTP/1.1" 200
[32mINFO[0m:     [26-11-2024 18:31:58] ::1:59557 - "GET /api/v1/tenants/default_tenant HTTP/1.1" 200
[32mINFO[0m:     [26-11-2024 18:31:58] ::1:59558 - "GET /api/v1/collections/public_discussions?tenant=default_tenant&database=default_database HTTP/1.1" 200
[32mINFO[0m:     [26-11-2024 18:31:58] ::1:59557 - "GET /api/v1/databases/default_database?tenant=default_tenant HTTP/1.1" 200
[32mINFO[0m:     [26-11-2024 18:31:58] ::1:59558 - "GET /api/v1/collections/participants?tenant=default_tenant&database=default_database HTTP/1.1" 200
[32mINFO[0m:     [26-11-2024 18:31:58] ::1:59559 - "GET /api/v1/collections/public_discussions?tenant=default_tenant&database=default_database HTTP/1.1" 200
[32mINFO[0m:     [26-11-2024 18:31:58] ::1:59558 - "GET /api/v1/collections/4fa43a1a-a2e5-44d2-aab6-c3c5af88f14b/count HTTP/1.1" 200
[32mINFO[0m:     [26-11-2024 18:31:58] ::1:59559 - "GET /api/v1/collections/participants?tenant=default_tenant&database=default_database HTTP/1.1" 200
[32mINFO[0m:     [26-11-2024 18:31:58] ::1:59559 - "GET /api/v1/collections/4fa43a1a-a2e5-44d2-aab6-c3c5af88f14b/count HTTP/1.1" 200
[32mINFO[0m:     [26-11-2024 18:31:59] ::1:59560 - "GET /api/v1/tenants/default_tenant HTTP/1.1" 200
[32mINFO[0m:     [26-11-2024 18:31:59] ::1:59560 - "GET /api/v1/databases/default_database?tenant=default_tenant HTTP/1.1" 200
[32mINFO[0m:     [26-11-2024 18:31:59] ::1:59561 - "GET /api/v1/collections/public_discussions?tenant=default_tenant&database=default_database HTTP/1.1" 200
[32mINFO[0m:     [26-11-2024 18:31:59] ::1:59561 - "GET /api/v1/collections/participants?tenant=default_tenant&database=default_database HTTP/1.1" 200
[32mINFO[0m:     [26-11-2024 18:31:59] ::1:59561 - "GET /api/v1/collections/d0e056cc-e9fe-4c8e-b753-d1563fb2e184/count HTTP/1.1" 200
[32mINFO[0m:     [26-11-2024 18:32:01] ::1:59561 - "GET /api/v1/pre-flight-checks HTTP/1.1" 200
[36mDEBUG[0m:    [26-11-2024 18:32:01] Starting component PersistentLocalHnswSegment
[32mINFO[0m:     [26-11-2024 18:32:01] ::1:59561 - "POST /api/v1/collections/d0e056cc-e9fe-4c8e-b753-d1563fb2e184/add HTTP/1.1" 201
[32mINFO[0m:     [26-11-2024 18:32:01] ::1:59561 - "GET /api/v1/collections/d0e056cc-e9fe-4c8e-b753-d1563fb2e184/count HTTP/1.1" 200
[32mINFO[0m:     [26-11-2024 18:32:01] ::1:59561 - "GET /api/v1/collections/d0e056cc-e9fe-4c8e-b753-d1563fb2e184/count HTTP/1.1" 200
[32mINFO[0m:     [26-11-2024 18:32:02] ::1:59561 - "POST /api/v1/collections/d0e056cc-e9fe-4c8e-b753-d1563fb2e184/add HTTP/1.1" 201
[32mINFO[0m:     [26-11-2024 18:32:02] ::1:59561 - "POST /api/v1/collections/d0e056cc-e9fe-4c8e-b753-d1563fb2e184/get HTTP/1.1" 200
[32mINFO[0m:     [26-11-2024 18:32:02] ::1:59561 - "POST /api/v1/collections/d0e056cc-e9fe-4c8e-b753-d1563fb2e184/get HTTP/1.1" 200
[32mINFO[0m:     [26-11-2024 18:32:09] ::1:59561 - "GET /api/v1/collections/4fa43a1a-a2e5-44d2-aab6-c3c5af88f14b/count HTTP/1.1" 200
[36mDEBUG[0m:    [26-11-2024 18:32:16] Starting component PersistentLocalHnswSegment
[32mINFO[0m:     [26-11-2024 18:32:16] ::1:59561 - "POST /api/v1/collections/4fa43a1a-a2e5-44d2-aab6-c3c5af88f14b/add HTTP/1.1" 201
[31mERROR[0m:    [26-11-2024 18:32:16] Collection ElonMuskConviction does not exist.
Traceback (most recent call last):
  File "D:\Bibliotheken\loadz\simulation-main\.venv\lib\site-packages\anyio\streams\memory.py", line 111, in receive
    return self.receive_nowait()
  File "D:\Bibliotheken\loadz\simulation-main\.venv\lib\site-packages\anyio\streams\memory.py", line 106, in receive_nowait
    raise WouldBlock
anyio.WouldBlock

During handling of the above exception, another exception occurred:

Traceback (most recent call last):
  File "D:\Bibliotheken\loadz\simulation-main\.venv\lib\site-packages\anyio\streams\memory.py", line 124, in receive
    return receiver.item
AttributeError: 'MemoryObjectItemReceiver' object has no attribute 'item'

During handling of the above exception, another exception occurred:

Traceback (most recent call last):
  File "D:\Bibliotheken\loadz\simulation-main\.venv\lib\site-packages\starlette\middleware\base.py", line 157, in call_next
    message = await recv_stream.receive()
  File "D:\Bibliotheken\loadz\simulation-main\.venv\lib\site-packages\anyio\streams\memory.py", line 126, in receive
    raise EndOfStream
anyio.EndOfStream

During handling of the above exception, another exception occurred:

Traceback (most recent call last):
  File "D:\Bibliotheken\loadz\simulation-main\.venv\lib\site-packages\chromadb\server\fastapi\__init__.py", line 82, in catch_exceptions_middleware
    return await call_next(request)
  File "D:\Bibliotheken\loadz\simulation-main\.venv\lib\site-packages\starlette\middleware\base.py", line 163, in call_next
    raise app_exc
  File "D:\Bibliotheken\loadz\simulation-main\.venv\lib\site-packages\starlette\middleware\base.py", line 149, in coro
    await self.app(scope, receive_or_disconnect, send_no_error)
  File "D:\Bibliotheken\loadz\simulation-main\.venv\lib\site-packages\starlette\middleware\base.py", line 185, in __call__
    with collapse_excgroups():
  File "C:\Program Files\Python310\lib\contextlib.py", line 153, in __exit__
    self.gen.throw(typ, value, traceback)
  File "D:\Bibliotheken\loadz\simulation-main\.venv\lib\site-packages\starlette\_utils.py", line 82, in collapse_excgroups
    raise exc
  File "D:\Bibliotheken\loadz\simulation-main\.venv\lib\site-packages\starlette\middleware\base.py", line 187, in __call__
    response = await self.dispatch_func(request, call_next)
  File "D:\Bibliotheken\loadz\simulation-main\.venv\lib\site-packages\chromadb\server\fastapi\__init__.py", line 96, in check_http_version_middleware
    return await call_next(request)
  File "D:\Bibliotheken\loadz\simulation-main\.venv\lib\site-packages\starlette\middleware\base.py", line 163, in call_next
    raise app_exc
  File "D:\Bibliotheken\loadz\simulation-main\.venv\lib\site-packages\starlette\middleware\base.py", line 149, in coro
    await self.app(scope, receive_or_disconnect, send_no_error)
  File "D:\Bibliotheken\loadz\simulation-main\.venv\lib\site-packages\starlette\middleware\exceptions.py", line 62, in __call__
    await wrap_app_handling_exceptions(self.app, conn)(scope, receive, send)
  File "D:\Bibliotheken\loadz\simulation-main\.venv\lib\site-packages\starlette\_exception_handler.py", line 53, in wrapped_app
    raise exc
  File "D:\Bibliotheken\loadz\simulation-main\.venv\lib\site-packages\starlette\_exception_handler.py", line 42, in wrapped_app
    await app(scope, receive, sender)
  File "D:\Bibliotheken\loadz\simulation-main\.venv\lib\site-packages\starlette\routing.py", line 715, in __call__
    await self.middleware_stack(scope, receive, send)
  File "D:\Bibliotheken\loadz\simulation-main\.venv\lib\site-packages\starlette\routing.py", line 735, in app
    await route.handle(scope, receive, send)
  File "D:\Bibliotheken\loadz\simulation-main\.venv\lib\site-packages\starlette\routing.py", line 288, in handle
    await self.app(scope, receive, send)
  File "D:\Bibliotheken\loadz\simulation-main\.venv\lib\site-packages\starlette\routing.py", line 76, in app
    await wrap_app_handling_exceptions(app, request)(scope, receive, send)
  File "D:\Bibliotheken\loadz\simulation-main\.venv\lib\site-packages\starlette\_exception_handler.py", line 53, in wrapped_app
    raise exc
  File "D:\Bibliotheken\loadz\simulation-main\.venv\lib\site-packages\starlette\_exception_handler.py", line 42, in wrapped_app
    await app(scope, receive, sender)
  File "D:\Bibliotheken\loadz\simulation-main\.venv\lib\site-packages\starlette\routing.py", line 73, in app
    response = await f(request)
  File "D:\Bibliotheken\loadz\simulation-main\.venv\lib\site-packages\fastapi\routing.py", line 301, in app
    raw_response = await run_endpoint_function(
  File "D:\Bibliotheken\loadz\simulation-main\.venv\lib\site-packages\fastapi\routing.py", line 214, in run_endpoint_function
    return await run_in_threadpool(dependant.call, **values)
  File "D:\Bibliotheken\loadz\simulation-main\.venv\lib\site-packages\starlette\concurrency.py", line 39, in run_in_threadpool
    return await anyio.to_thread.run_sync(func, *args)
  File "D:\Bibliotheken\loadz\simulation-main\.venv\lib\site-packages\anyio\to_thread.py", line 56, in run_sync
    return await get_async_backend().run_sync_in_worker_thread(
  File "D:\Bibliotheken\loadz\simulation-main\.venv\lib\site-packages\anyio\_backends\_asyncio.py", line 2441, in run_sync_in_worker_thread
    return await future
  File "D:\Bibliotheken\loadz\simulation-main\.venv\lib\site-packages\anyio\_backends\_asyncio.py", line 943, in run
    result = context.run(func, *args)
  File "D:\Bibliotheken\loadz\simulation-main\.venv\lib\site-packages\chromadb\telemetry\opentelemetry\__init__.py", line 127, in wrapper
    return f(*args, **kwargs)
  File "D:\Bibliotheken\loadz\simulation-main\.venv\lib\site-packages\chromadb\auth\fastapi.py", line 241, in wrapped
    return f(*args, **kwargs)
  File "D:\Bibliotheken\loadz\simulation-main\.venv\lib\site-packages\chromadb\server\fastapi\__init__.py", line 440, in get_collection
    return self._api.get_collection(
  File "D:\Bibliotheken\loadz\simulation-main\.venv\lib\site-packages\chromadb\telemetry\opentelemetry\__init__.py", line 127, in wrapper
    return f(*args, **kwargs)
  File "D:\Bibliotheken\loadz\simulation-main\.venv\lib\site-packages\chromadb\api\segment.py", line 261, in get_collection
    raise ValueError(f"Collection {name} does not exist.")
ValueError: Collection ElonMuskConviction does not exist.
[32mINFO[0m:     [26-11-2024 18:32:16] ::1:59561 - "GET /api/v1/collections/ElonMuskConviction?tenant=default_tenant&database=default_database HTTP/1.1" 500
[32mINFO[0m:     [26-11-2024 18:32:17] ::1:59561 - "POST /api/v1/collections?tenant=default_tenant&database=default_database HTTP/1.1" 200
[32mINFO[0m:     [26-11-2024 18:32:17] ::1:59561 - "GET /api/v1/collections?tenant=default_tenant&database=default_database HTTP/1.1" 200
[32mINFO[0m:     [26-11-2024 18:32:17] ::1:59561 - "POST /api/v1/collections/43d51262-4c3e-4946-be1e-cf534cadc0c0/get HTTP/1.1" 200
[36mDEBUG[0m:    [26-11-2024 18:32:20] Starting component PersistentLocalHnswSegment
[32mINFO[0m:     [26-11-2024 18:32:21] ::1:59561 - "POST /api/v1/collections/43d51262-4c3e-4946-be1e-cf534cadc0c0/add HTTP/1.1" 201
[32mINFO[0m:     [26-11-2024 18:32:21] ::1:59561 - "GET /api/v1/collections/ElonMuskConviction?tenant=default_tenant&database=default_database HTTP/1.1" 200
[32mINFO[0m:     [26-11-2024 18:32:21] ::1:59561 - "GET /api/v1/collections?tenant=default_tenant&database=default_database HTTP/1.1" 200
[32mINFO[0m:     [26-11-2024 18:32:21] ::1:59561 - "POST /api/v1/collections/43d51262-4c3e-4946-be1e-cf534cadc0c0/get HTTP/1.1" 200
[32mINFO[0m:     [26-11-2024 18:32:24] ::1:59561 - "POST /api/v1/collections/43d51262-4c3e-4946-be1e-cf534cadc0c0/add HTTP/1.1" 201
[32mINFO[0m:     [26-11-2024 18:32:24] ::1:59561 - "GET /api/v1/collections/ElonMuskConviction?tenant=default_tenant&database=default_database HTTP/1.1" 200
[32mINFO[0m:     [26-11-2024 18:32:24] ::1:59561 - "GET /api/v1/collections?tenant=default_tenant&database=default_database HTTP/1.1" 200
[32mINFO[0m:     [26-11-2024 18:32:24] ::1:59561 - "POST /api/v1/collections/43d51262-4c3e-4946-be1e-cf534cadc0c0/get HTTP/1.1" 200
[32mINFO[0m:     [26-11-2024 18:32:28] ::1:59561 - "POST /api/v1/collections/43d51262-4c3e-4946-be1e-cf534cadc0c0/add HTTP/1.1" 201
[32mINFO[0m:     [26-11-2024 18:32:28] ::1:59561 - "GET /api/v1/collections/ElonMuskConviction?tenant=default_tenant&database=default_database HTTP/1.1" 200
[32mINFO[0m:     [26-11-2024 18:32:28] ::1:59561 - "GET /api/v1/collections?tenant=default_tenant&database=default_database HTTP/1.1" 200
[32mINFO[0m:     [26-11-2024 18:32:28] ::1:59561 - "POST /api/v1/collections/43d51262-4c3e-4946-be1e-cf534cadc0c0/get HTTP/1.1" 200
[32mINFO[0m:     [26-11-2024 18:32:31] ::1:59561 - "POST /api/v1/collections/43d51262-4c3e-4946-be1e-cf534cadc0c0/add HTTP/1.1" 201
[31mERROR[0m:    [26-11-2024 18:32:31] Collection KarlMarxConviction does not exist.
Traceback (most recent call last):
  File "D:\Bibliotheken\loadz\simulation-main\.venv\lib\site-packages\anyio\streams\memory.py", line 111, in receive
    return self.receive_nowait()
  File "D:\Bibliotheken\loadz\simulation-main\.venv\lib\site-packages\anyio\streams\memory.py", line 106, in receive_nowait
    raise WouldBlock
anyio.WouldBlock

During handling of the above exception, another exception occurred:

Traceback (most recent call last):
  File "D:\Bibliotheken\loadz\simulation-main\.venv\lib\site-packages\anyio\streams\memory.py", line 124, in receive
    return receiver.item
AttributeError: 'MemoryObjectItemReceiver' object has no attribute 'item'

During handling of the above exception, another exception occurred:

Traceback (most recent call last):
  File "D:\Bibliotheken\loadz\simulation-main\.venv\lib\site-packages\starlette\middleware\base.py", line 157, in call_next
    message = await recv_stream.receive()
  File "D:\Bibliotheken\loadz\simulation-main\.venv\lib\site-packages\anyio\streams\memory.py", line 126, in receive
    raise EndOfStream
anyio.EndOfStream

During handling of the above exception, another exception occurred:

Traceback (most recent call last):
  File "D:\Bibliotheken\loadz\simulation-main\.venv\lib\site-packages\chromadb\server\fastapi\__init__.py", line 82, in catch_exceptions_middleware
    return await call_next(request)
  File "D:\Bibliotheken\loadz\simulation-main\.venv\lib\site-packages\starlette\middleware\base.py", line 163, in call_next
    raise app_exc
  File "D:\Bibliotheken\loadz\simulation-main\.venv\lib\site-packages\starlette\middleware\base.py", line 149, in coro
    await self.app(scope, receive_or_disconnect, send_no_error)
  File "D:\Bibliotheken\loadz\simulation-main\.venv\lib\site-packages\starlette\middleware\base.py", line 185, in __call__
    with collapse_excgroups():
  File "C:\Program Files\Python310\lib\contextlib.py", line 153, in __exit__
    self.gen.throw(typ, value, traceback)
  File "D:\Bibliotheken\loadz\simulation-main\.venv\lib\site-packages\starlette\_utils.py", line 82, in collapse_excgroups
    raise exc
  File "D:\Bibliotheken\loadz\simulation-main\.venv\lib\site-packages\starlette\middleware\base.py", line 187, in __call__
    response = await self.dispatch_func(request, call_next)
  File "D:\Bibliotheken\loadz\simulation-main\.venv\lib\site-packages\chromadb\server\fastapi\__init__.py", line 96, in check_http_version_middleware
    return await call_next(request)
  File "D:\Bibliotheken\loadz\simulation-main\.venv\lib\site-packages\starlette\middleware\base.py", line 163, in call_next
    raise app_exc
  File "D:\Bibliotheken\loadz\simulation-main\.venv\lib\site-packages\starlette\middleware\base.py", line 149, in coro
    await self.app(scope, receive_or_disconnect, send_no_error)
  File "D:\Bibliotheken\loadz\simulation-main\.venv\lib\site-packages\starlette\middleware\exceptions.py", line 62, in __call__
    await wrap_app_handling_exceptions(self.app, conn)(scope, receive, send)
  File "D:\Bibliotheken\loadz\simulation-main\.venv\lib\site-packages\starlette\_exception_handler.py", line 53, in wrapped_app
    raise exc
  File "D:\Bibliotheken\loadz\simulation-main\.venv\lib\site-packages\starlette\_exception_handler.py", line 42, in wrapped_app
    await app(scope, receive, sender)
  File "D:\Bibliotheken\loadz\simulation-main\.venv\lib\site-packages\starlette\routing.py", line 715, in __call__
    await self.middleware_stack(scope, receive, send)
  File "D:\Bibliotheken\loadz\simulation-main\.venv\lib\site-packages\starlette\routing.py", line 735, in app
    await route.handle(scope, receive, send)
  File "D:\Bibliotheken\loadz\simulation-main\.venv\lib\site-packages\starlette\routing.py", line 288, in handle
    await self.app(scope, receive, send)
  File "D:\Bibliotheken\loadz\simulation-main\.venv\lib\site-packages\starlette\routing.py", line 76, in app
    await wrap_app_handling_exceptions(app, request)(scope, receive, send)
  File "D:\Bibliotheken\loadz\simulation-main\.venv\lib\site-packages\starlette\_exception_handler.py", line 53, in wrapped_app
    raise exc
  File "D:\Bibliotheken\loadz\simulation-main\.venv\lib\site-packages\starlette\_exception_handler.py", line 42, in wrapped_app
    await app(scope, receive, sender)
  File "D:\Bibliotheken\loadz\simulation-main\.venv\lib\site-packages\starlette\routing.py", line 73, in app
    response = await f(request)
  File "D:\Bibliotheken\loadz\simulation-main\.venv\lib\site-packages\fastapi\routing.py", line 301, in app
    raw_response = await run_endpoint_function(
  File "D:\Bibliotheken\loadz\simulation-main\.venv\lib\site-packages\fastapi\routing.py", line 214, in run_endpoint_function
    return await run_in_threadpool(dependant.call, **values)
  File "D:\Bibliotheken\loadz\simulation-main\.venv\lib\site-packages\starlette\concurrency.py", line 39, in run_in_threadpool
    return await anyio.to_thread.run_sync(func, *args)
  File "D:\Bibliotheken\loadz\simulation-main\.venv\lib\site-packages\anyio\to_thread.py", line 56, in run_sync
    return await get_async_backend().run_sync_in_worker_thread(
  File "D:\Bibliotheken\loadz\simulation-main\.venv\lib\site-packages\anyio\_backends\_asyncio.py", line 2441, in run_sync_in_worker_thread
    return await future
  File "D:\Bibliotheken\loadz\simulation-main\.venv\lib\site-packages\anyio\_backends\_asyncio.py", line 943, in run
    result = context.run(func, *args)
  File "D:\Bibliotheken\loadz\simulation-main\.venv\lib\site-packages\chromadb\telemetry\opentelemetry\__init__.py", line 127, in wrapper
    return f(*args, **kwargs)
  File "D:\Bibliotheken\loadz\simulation-main\.venv\lib\site-packages\chromadb\auth\fastapi.py", line 241, in wrapped
    return f(*args, **kwargs)
  File "D:\Bibliotheken\loadz\simulation-main\.venv\lib\site-packages\chromadb\server\fastapi\__init__.py", line 440, in get_collection
    return self._api.get_collection(
  File "D:\Bibliotheken\loadz\simulation-main\.venv\lib\site-packages\chromadb\telemetry\opentelemetry\__init__.py", line 127, in wrapper
    return f(*args, **kwargs)
  File "D:\Bibliotheken\loadz\simulation-main\.venv\lib\site-packages\chromadb\api\segment.py", line 261, in get_collection
    raise ValueError(f"Collection {name} does not exist.")
ValueError: Collection KarlMarxConviction does not exist.
[32mINFO[0m:     [26-11-2024 18:32:31] ::1:59561 - "GET /api/v1/collections/KarlMarxConviction?tenant=default_tenant&database=default_database HTTP/1.1" 500
[32mINFO[0m:     [26-11-2024 18:32:31] ::1:59561 - "POST /api/v1/collections?tenant=default_tenant&database=default_database HTTP/1.1" 200
[32mINFO[0m:     [26-11-2024 18:32:31] ::1:59561 - "GET /api/v1/collections?tenant=default_tenant&database=default_database HTTP/1.1" 200
[32mINFO[0m:     [26-11-2024 18:32:31] ::1:59561 - "POST /api/v1/collections/e2138dbc-8854-49f3-9d45-337de6d8e1bb/get HTTP/1.1" 200
[36mDEBUG[0m:    [26-11-2024 18:32:37] Starting component PersistentLocalHnswSegment
[32mINFO[0m:     [26-11-2024 18:32:37] ::1:59561 - "POST /api/v1/collections/e2138dbc-8854-49f3-9d45-337de6d8e1bb/add HTTP/1.1" 201
[32mINFO[0m:     [26-11-2024 18:32:37] ::1:59561 - "GET /api/v1/collections/KarlMarxConviction?tenant=default_tenant&database=default_database HTTP/1.1" 200
[32mINFO[0m:     [26-11-2024 18:32:37] ::1:59561 - "GET /api/v1/collections?tenant=default_tenant&database=default_database HTTP/1.1" 200
[32mINFO[0m:     [26-11-2024 18:32:37] ::1:59561 - "POST /api/v1/collections/e2138dbc-8854-49f3-9d45-337de6d8e1bb/get HTTP/1.1" 200
[32mINFO[0m:     [26-11-2024 18:32:40] ::1:59561 - "POST /api/v1/collections/e2138dbc-8854-49f3-9d45-337de6d8e1bb/add HTTP/1.1" 201
[32mINFO[0m:     [26-11-2024 18:32:40] ::1:59561 - "GET /api/v1/collections/KarlMarxConviction?tenant=default_tenant&database=default_database HTTP/1.1" 200
[32mINFO[0m:     [26-11-2024 18:32:40] ::1:59561 - "GET /api/v1/collections?tenant=default_tenant&database=default_database HTTP/1.1" 200
[32mINFO[0m:     [26-11-2024 18:32:40] ::1:59561 - "POST /api/v1/collections/e2138dbc-8854-49f3-9d45-337de6d8e1bb/get HTTP/1.1" 200
[32mINFO[0m:     [26-11-2024 18:32:43] ::1:59561 - "POST /api/v1/collections/e2138dbc-8854-49f3-9d45-337de6d8e1bb/add HTTP/1.1" 201
[32mINFO[0m:     [26-11-2024 18:32:43] ::1:59561 - "GET /api/v1/collections/KarlMarxConviction?tenant=default_tenant&database=default_database HTTP/1.1" 200
[32mINFO[0m:     [26-11-2024 18:32:43] ::1:59561 - "GET /api/v1/collections?tenant=default_tenant&database=default_database HTTP/1.1" 200
[32mINFO[0m:     [26-11-2024 18:32:43] ::1:59561 - "POST /api/v1/collections/e2138dbc-8854-49f3-9d45-337de6d8e1bb/get HTTP/1.1" 200
[32mINFO[0m:     [26-11-2024 18:32:47] ::1:59561 - "POST /api/v1/collections/e2138dbc-8854-49f3-9d45-337de6d8e1bb/add HTTP/1.1" 201
[32mINFO[0m:     [26-11-2024 18:32:56] ::1:59568 - "GET /api/v1/tenants/default_tenant HTTP/1.1" 200
[32mINFO[0m:     [26-11-2024 18:32:56] ::1:59568 - "GET /api/v1/databases/default_database?tenant=default_tenant HTTP/1.1" 200
[32mINFO[0m:     [26-11-2024 18:32:56] ::1:59569 - "GET /api/v1/collections/public_discussions?tenant=default_tenant&database=default_database HTTP/1.1" 200
[32mINFO[0m:     [26-11-2024 18:32:56] ::1:59569 - "GET /api/v1/collections/participants?tenant=default_tenant&database=default_database HTTP/1.1" 200
[32mINFO[0m:     [26-11-2024 18:32:56] ::1:59569 - "POST /api/v1/collections/4fa43a1a-a2e5-44d2-aab6-c3c5af88f14b/get HTTP/1.1" 200
[32mINFO[0m:     [26-11-2024 18:32:56] ::1:59569 - "GET /api/v1/collections?tenant=default_tenant&database=default_database HTTP/1.1" 200
[32mINFO[0m:     [26-11-2024 18:32:56] ::1:59569 - "POST /api/v1/collections/43d51262-4c3e-4946-be1e-cf534cadc0c0/get HTTP/1.1" 200
[32mINFO[0m:     [26-11-2024 18:32:56] ::1:59561 - "POST /api/v1/collections/43d51262-4c3e-4946-be1e-cf534cadc0c0/get HTTP/1.1" 200
[32mINFO[0m:     [26-11-2024 18:32:56] ::1:59569 - "POST /api/v1/collections/4fa43a1a-a2e5-44d2-aab6-c3c5af88f14b/get HTTP/1.1" 200
[32mINFO[0m:     [26-11-2024 18:32:56] ::1:59569 - "GET /api/v1/collections?tenant=default_tenant&database=default_database HTTP/1.1" 200
[32mINFO[0m:     [26-11-2024 18:32:56] ::1:59569 - "POST /api/v1/collections/e2138dbc-8854-49f3-9d45-337de6d8e1bb/get HTTP/1.1" 200
[32mINFO[0m:     [26-11-2024 18:32:56] ::1:59561 - "POST /api/v1/collections/e2138dbc-8854-49f3-9d45-337de6d8e1bb/get HTTP/1.1" 200
[32mINFO[0m:     [26-11-2024 18:32:57] ::1:59569 - "POST /api/v1/collections/4fa43a1a-a2e5-44d2-aab6-c3c5af88f14b/get HTTP/1.1" 200
[32mINFO[0m:     [26-11-2024 18:32:57] ::1:59569 - "GET /api/v1/collections?tenant=default_tenant&database=default_database HTTP/1.1" 200
[32mINFO[0m:     [26-11-2024 18:32:57] ::1:59569 - "POST /api/v1/collections/43d51262-4c3e-4946-be1e-cf534cadc0c0/get HTTP/1.1" 200
[32mINFO[0m:     [26-11-2024 18:32:57] ::1:59561 - "POST /api/v1/collections/43d51262-4c3e-4946-be1e-cf534cadc0c0/get HTTP/1.1" 200
[32mINFO[0m:     [26-11-2024 18:32:58] ::1:59569 - "GET /api/v1/collections/ElonMuskConviction?tenant=default_tenant&database=default_database HTTP/1.1" 200
[32mINFO[0m:     [26-11-2024 18:32:58] ::1:59569 - "GET /api/v1/pre-flight-checks HTTP/1.1" 200
[32mINFO[0m:     [26-11-2024 18:32:58] ::1:59569 - "POST /api/v1/collections/43d51262-4c3e-4946-be1e-cf534cadc0c0/add HTTP/1.1" 201
[32mINFO[0m:     [26-11-2024 18:32:58] ::1:59569 - "POST /api/v1/collections/4fa43a1a-a2e5-44d2-aab6-c3c5af88f14b/get HTTP/1.1" 200
[32mINFO[0m:     [26-11-2024 18:32:58] ::1:59569 - "GET /api/v1/collections?tenant=default_tenant&database=default_database HTTP/1.1" 200
[32mINFO[0m:     [26-11-2024 18:32:58] ::1:59569 - "POST /api/v1/collections/43d51262-4c3e-4946-be1e-cf534cadc0c0/get HTTP/1.1" 200
[32mINFO[0m:     [26-11-2024 18:32:58] ::1:59569 - "POST /api/v1/collections/43d51262-4c3e-4946-be1e-cf534cadc0c0/get HTTP/1.1" 200
[32mINFO[0m:     [26-11-2024 18:32:59] ::1:59569 - "POST /api/v1/collections/4fa43a1a-a2e5-44d2-aab6-c3c5af88f14b/get HTTP/1.1" 200
[32mINFO[0m:     [26-11-2024 18:32:59] ::1:59569 - "GET /api/v1/collections?tenant=default_tenant&database=default_database HTTP/1.1" 200
[32mINFO[0m:     [26-11-2024 18:32:59] ::1:59569 - "POST /api/v1/collections/e2138dbc-8854-49f3-9d45-337de6d8e1bb/get HTTP/1.1" 200
[32mINFO[0m:     [26-11-2024 18:32:59] ::1:59561 - "POST /api/v1/collections/e2138dbc-8854-49f3-9d45-337de6d8e1bb/get HTTP/1.1" 200
[32mINFO[0m:     [26-11-2024 18:32:59] ::1:59569 - "POST /api/v1/collections/4fa43a1a-a2e5-44d2-aab6-c3c5af88f14b/get HTTP/1.1" 200
[32mINFO[0m:     [26-11-2024 18:32:59] ::1:59569 - "GET /api/v1/collections?tenant=default_tenant&database=default_database HTTP/1.1" 200
[32mINFO[0m:     [26-11-2024 18:32:59] ::1:59569 - "POST /api/v1/collections/43d51262-4c3e-4946-be1e-cf534cadc0c0/get HTTP/1.1" 200
[32mINFO[0m:     [26-11-2024 18:32:59] ::1:59569 - "POST /api/v1/collections/43d51262-4c3e-4946-be1e-cf534cadc0c0/get HTTP/1.1" 200
[32mINFO[0m:     [26-11-2024 18:33:00] ::1:59569 - "POST /api/v1/collections/4fa43a1a-a2e5-44d2-aab6-c3c5af88f14b/get HTTP/1.1" 200
[32mINFO[0m:     [26-11-2024 18:33:00] ::1:59569 - "GET /api/v1/collections?tenant=default_tenant&database=default_database HTTP/1.1" 200
[32mINFO[0m:     [26-11-2024 18:33:00] ::1:59569 - "POST /api/v1/collections/e2138dbc-8854-49f3-9d45-337de6d8e1bb/get HTTP/1.1" 200
[32mINFO[0m:     [26-11-2024 18:33:00] ::1:59561 - "POST /api/v1/collections/e2138dbc-8854-49f3-9d45-337de6d8e1bb/get HTTP/1.1" 200
[32mINFO[0m:     [26-11-2024 18:33:01] ::1:59569 - "GET /api/v1/collections/4fa43a1a-a2e5-44d2-aab6-c3c5af88f14b/count HTTP/1.1" 200
[32mINFO[0m:     [26-11-2024 18:33:01] ::1:59569 - "GET /api/v1/collections?tenant=default_tenant&database=default_database HTTP/1.1" 200
[32mINFO[0m:     [26-11-2024 18:33:01] ::1:59569 - "POST /api/v1/collections/e2138dbc-8854-49f3-9d45-337de6d8e1bb/get HTTP/1.1" 200
[32mINFO[0m:     [26-11-2024 18:33:01] ::1:59561 - "POST /api/v1/collections/e2138dbc-8854-49f3-9d45-337de6d8e1bb/get HTTP/1.1" 200
[33mWARNING[0m:  [26-11-2024 18:33:01] Number of requested results 10 is greater than number of elements in index 4, updating n_results = 4
[32mINFO[0m:     [26-11-2024 18:33:01] ::1:59569 - "POST /api/v1/collections/4fa43a1a-a2e5-44d2-aab6-c3c5af88f14b/query HTTP/1.1" 200
[32mINFO[0m:     [26-11-2024 18:33:04] ::1:59569 - "POST /api/v1/collections/4fa43a1a-a2e5-44d2-aab6-c3c5af88f14b/add HTTP/1.1" 201
[32mINFO[0m:     [26-11-2024 18:33:04] ::1:59569 - "GET /api/v1/collections/4fa43a1a-a2e5-44d2-aab6-c3c5af88f14b/count HTTP/1.1" 200
[32mINFO[0m:     [26-11-2024 18:33:04] ::1:59569 - "GET /api/v1/collections?tenant=default_tenant&database=default_database HTTP/1.1" 200
[32mINFO[0m:     [26-11-2024 18:33:04] ::1:59569 - "POST /api/v1/collections/43d51262-4c3e-4946-be1e-cf534cadc0c0/get HTTP/1.1" 200
[32mINFO[0m:     [26-11-2024 18:33:04] ::1:59569 - "POST /api/v1/collections/43d51262-4c3e-4946-be1e-cf534cadc0c0/get HTTP/1.1" 200
[33mWARNING[0m:  [26-11-2024 18:33:04] Number of requested results 10 is greater than number of elements in index 5, updating n_results = 5
[32mINFO[0m:     [26-11-2024 18:33:04] ::1:59569 - "POST /api/v1/collections/4fa43a1a-a2e5-44d2-aab6-c3c5af88f14b/query HTTP/1.1" 200
[32mINFO[0m:     [26-11-2024 18:33:09] ::1:59569 - "POST /api/v1/collections/4fa43a1a-a2e5-44d2-aab6-c3c5af88f14b/add HTTP/1.1" 201
[32mINFO[0m:     [26-11-2024 18:33:10] ::1:59569 - "GET /api/v1/collections?tenant=default_tenant&database=default_database HTTP/1.1" 200
[32mINFO[0m:     [26-11-2024 18:33:10] ::1:59569 - "POST /api/v1/collections/e2138dbc-8854-49f3-9d45-337de6d8e1bb/get HTTP/1.1" 200
[32mINFO[0m:     [26-11-2024 18:33:10] ::1:59561 - "POST /api/v1/collections/e2138dbc-8854-49f3-9d45-337de6d8e1bb/get HTTP/1.1" 200
[32mINFO[0m:     [26-11-2024 18:33:12] ::1:59569 - "GET /api/v1/collections/KarlMarxConviction?tenant=default_tenant&database=default_database HTTP/1.1" 200
[32mINFO[0m:     [26-11-2024 18:33:12] ::1:59569 - "POST /api/v1/collections/e2138dbc-8854-49f3-9d45-337de6d8e1bb/add HTTP/1.1" 201
[32mINFO[0m:     [26-11-2024 18:33:12] ::1:59569 - "POST /api/v1/collections/4fa43a1a-a2e5-44d2-aab6-c3c5af88f14b/get HTTP/1.1" 200
[32mINFO[0m:     [26-11-2024 18:33:12] ::1:59569 - "GET /api/v1/collections?tenant=default_tenant&database=default_database HTTP/1.1" 200
[32mINFO[0m:     [26-11-2024 18:33:12] ::1:59569 - "POST /api/v1/collections/e2138dbc-8854-49f3-9d45-337de6d8e1bb/get HTTP/1.1" 200
[32mINFO[0m:     [26-11-2024 18:33:12] ::1:59569 - "POST /api/v1/collections/e2138dbc-8854-49f3-9d45-337de6d8e1bb/get HTTP/1.1" 200
[32mINFO[0m:     [26-11-2024 18:33:13] ::1:59569 - "GET /api/v1/collections?tenant=default_tenant&database=default_database HTTP/1.1" 200
[32mINFO[0m:     [26-11-2024 18:33:13] ::1:59569 - "POST /api/v1/collections/43d51262-4c3e-4946-be1e-cf534cadc0c0/get HTTP/1.1" 200
[32mINFO[0m:     [26-11-2024 18:33:13] ::1:59569 - "POST /api/v1/collections/43d51262-4c3e-4946-be1e-cf534cadc0c0/get HTTP/1.1" 200
[32mINFO[0m:     [26-11-2024 18:33:16] ::1:59569 - "GET /api/v1/collections/ElonMuskConviction?tenant=default_tenant&database=default_database HTTP/1.1" 200
[32mINFO[0m:     [26-11-2024 18:33:16] ::1:59569 - "POST /api/v1/collections/43d51262-4c3e-4946-be1e-cf534cadc0c0/add HTTP/1.1" 201
[32mINFO[0m:     [26-11-2024 18:33:16] ::1:59569 - "POST /api/v1/collections/4fa43a1a-a2e5-44d2-aab6-c3c5af88f14b/get HTTP/1.1" 200
[32mINFO[0m:     [26-11-2024 18:33:16] ::1:59569 - "GET /api/v1/collections?tenant=default_tenant&database=default_database HTTP/1.1" 200
[32mINFO[0m:     [26-11-2024 18:33:16] ::1:59569 - "POST /api/v1/collections/43d51262-4c3e-4946-be1e-cf534cadc0c0/get HTTP/1.1" 200
[32mINFO[0m:     [26-11-2024 18:33:16] ::1:59569 - "POST /api/v1/collections/43d51262-4c3e-4946-be1e-cf534cadc0c0/get HTTP/1.1" 200
[32mINFO[0m:     [26-11-2024 18:33:32] Shutting down
[32mINFO[0m:     [26-11-2024 18:33:32] Waiting for application shutdown.
[36mDEBUG[0m:    [26-11-2024 18:33:32] Stopping component System
[36mDEBUG[0m:    [26-11-2024 18:33:32] Stopping component SegmentAPI
[36mDEBUG[0m:    [26-11-2024 18:33:32] Stopping component PersistentLocalHnswSegment
[36mDEBUG[0m:    [26-11-2024 18:33:32] Stopping component PersistentLocalHnswSegment
[36mDEBUG[0m:    [26-11-2024 18:33:32] Stopping component PersistentLocalHnswSegment
[36mDEBUG[0m:    [26-11-2024 18:33:32] Stopping component PersistentLocalHnswSegment
[36mDEBUG[0m:    [26-11-2024 18:33:32] Stopping component LocalSegmentManager
[36mDEBUG[0m:    [26-11-2024 18:33:32] Stopping component Posthog
[36mDEBUG[0m:    [26-11-2024 18:33:32] Stopping component QuotaEnforcer
[36mDEBUG[0m:    [26-11-2024 18:33:32] Stopping component SqliteDB
[36mDEBUG[0m:    [26-11-2024 18:33:32] Stopping component SimpleAssignmentPolicy
[36mDEBUG[0m:    [26-11-2024 18:33:32] Stopping component OpenTelemetryClient
[32mINFO[0m:     [26-11-2024 18:33:32] Application shutdown complete.
[32mINFO[0m:     [26-11-2024 18:33:32] Finished server process [[36m15172[0m]
